<?xml version="1.0" encoding="UTF-8"?>
<testsuite xmlns:xsi="http://www.w3.org/2001/XMLSchema-instance" xsi:noNamespaceSchemaLocation="https://maven.apache.org/surefire/maven-surefire-plugin/xsd/surefire-test-report.xsd" name="com.example.AppTest" time="0.117" tests="1" errors="0" skipped="0" failures="0">
  <properties>
    <property name="java.specification.version" value="16"/>
    <property name="sun.cpu.isalist" value="amd64"/>
    <property name="sun.jnu.encoding" value="Cp1252"/>
    <property name="java.class.path" value="C:\Java\PI\demo\target\test-classes;C:\Java\PI\demo\target\classes;C:\Users\ASUS\.m2\repository\org\openjfx\javafx-archetype-fxml\0.0.3\javafx-archetype-fxml-0.0.3.jar;C:\Users\ASUS\.m2\repository\org\openjfx\javafx-web\18-ea+6\javafx-web-18-ea+6.jar;C:\Users\ASUS\.m2\repository\org\openjfx\javafx-web\18-ea+6\javafx-web-18-ea+6-win.jar;C:\Users\ASUS\.m2\repository\org\openjfx\javafx-media\18-ea+6\javafx-media-18-ea+6.jar;C:\Users\ASUS\.m2\repository\org\openjfx\javafx-media\18-ea+6\javafx-media-18-ea+6-win.jar;C:\Users\ASUS\.m2\repository\org\openjfx\javafx-graphics\11\javafx-graphics-11.jar;C:\Users\ASUS\.m2\repository\org\openjfx\javafx-graphics\11\javafx-graphics-11-win.jar;C:\Users\ASUS\.m2\repository\org\openjfx\javafx-base\11\javafx-base-11.jar;C:\Users\ASUS\.m2\repository\org\openjfx\javafx-base\11\javafx-base-11-win.jar;C:\Users\ASUS\.m2\repository\org\openjfx\javafx-swing\11-ea+24\javafx-swing-11-ea+24.jar;C:\Users\ASUS\.m2\repository\org\openjfx\javafx-swing\11-ea+24\javafx-swing-11-ea+24-win.jar;C:\Users\ASUS\.m2\repository\org\openjfx\javafx-fxml\13\javafx-fxml-13.jar;C:\Users\ASUS\.m2\repository\org\openjfx\javafx-fxml\13\javafx-fxml-13-win.jar;C:\Users\ASUS\.m2\repository\org\openjfx\javafx-controls\13\javafx-controls-13.jar;C:\Users\ASUS\.m2\repository\org\openjfx\javafx-controls\13\javafx-controls-13-win.jar;C:\Users\ASUS\.m2\repository\com\google\maps\google-maps-services\1.0.1\google-maps-services-1.0.1.jar;C:\Users\ASUS\.m2\repository\io\opencensus\opencensus-api\0.28.3\opencensus-api-0.28.3.jar;C:\Users\ASUS\.m2\repository\io\grpc\grpc-context\1.27.2\grpc-context-1.27.2.jar;C:\Users\ASUS\.m2\repository\org\slf4j\slf4j-api\1.7.25\slf4j-api-1.7.25.jar;C:\Users\ASUS\.m2\repository\org\slf4j\slf4j-simple\1.7.25\slf4j-simple-1.7.25.jar;C:\Users\ASUS\.m2\repository\com\google\code\gson\gson\2.8.9\gson-2.8.9.jar;C:\Users\ASUS\.m2\repository\com\squareup\okhttp3\okhttp\4.9.2\okhttp-4.9.2.jar;C:\Users\ASUS\.m2\repository\com\squareup\okio\okio\2.8.0\okio-2.8.0.jar;C:\Users\ASUS\.m2\repository\org\jetbrains\kotlin\kotlin-stdlib-common\1.4.10\kotlin-stdlib-common-1.4.10.jar;C:\Users\ASUS\.m2\repository\org\jetbrains\kotlin\kotlin-stdlib\1.4.0\kotlin-stdlib-1.4.0.jar;C:\Users\ASUS\.m2\repository\org\jetbrains\annotations\13.0\annotations-13.0.jar;C:\Users\ASUS\.m2\repository\junit\junit\4.11\junit-4.11.jar;C:\Users\ASUS\.m2\repository\org\hamcrest\hamcrest-core\1.3\hamcrest-core-1.3.jar;C:\Users\ASUS\.m2\repository\mysql\mysql-connector-java\8.0.27\mysql-connector-java-8.0.27.jar;C:\Users\ASUS\.m2\repository\com\google\protobuf\protobuf-java\3.11.4\protobuf-java-3.11.4.jar;"/>
    <property name="java.vm.vendor" value="Oracle Corporation"/>
    <property name="sun.arch.data.model" value="64"/>
    <property name="user.variant" value=""/>
    <property name="java.vendor.url" value="https://java.oracle.com/"/>
    <property name="user.timezone" value="Europe/Bucharest"/>
    <property name="os.name" value="Windows 10"/>
    <property name="java.vm.specification.version" value="16"/>
    <property name="sun.java.launcher" value="SUN_STANDARD"/>
    <property name="user.country" value="US"/>
    <property name="sun.boot.library.path" value="C:\Program Files\Java\jdk-16.0.1\bin"/>
    <property name="sun.java.command" value="C:\Users\ASUS\AppData\Local\Temp\surefire10825239509318155864\surefirebooter12729803475389247648.jar C:\Users\ASUS\AppData\Local\Temp\surefire10825239509318155864 2021-11-13T22-17-59_882-jvmRun1 surefire7731985615915548221tmp surefire_06677620456532417493tmp"/>
    <property name="jdk.debug" value="release"/>
    <property name="surefire.test.class.path" value="C:\Java\PI\demo\target\test-classes;C:\Java\PI\demo\target\classes;C:\Users\ASUS\.m2\repository\org\openjfx\javafx-archetype-fxml\0.0.3\javafx-archetype-fxml-0.0.3.jar;C:\Users\ASUS\.m2\repository\org\openjfx\javafx-web\18-ea+6\javafx-web-18-ea+6.jar;C:\Users\ASUS\.m2\repository\org\openjfx\javafx-web\18-ea+6\javafx-web-18-ea+6-win.jar;C:\Users\ASUS\.m2\repository\org\openjfx\javafx-media\18-ea+6\javafx-media-18-ea+6.jar;C:\Users\ASUS\.m2\repository\org\openjfx\javafx-media\18-ea+6\javafx-media-18-ea+6-win.jar;C:\Users\ASUS\.m2\repository\org\openjfx\javafx-graphics\11\javafx-graphics-11.jar;C:\Users\ASUS\.m2\repository\org\openjfx\javafx-graphics\11\javafx-graphics-11-win.jar;C:\Users\ASUS\.m2\repository\org\openjfx\javafx-base\11\javafx-base-11.jar;C:\Users\ASUS\.m2\repository\org\openjfx\javafx-base\11\javafx-base-11-win.jar;C:\Users\ASUS\.m2\repository\org\openjfx\javafx-swing\11-ea+24\javafx-swing-11-ea+24.jar;C:\Users\ASUS\.m2\repository\org\openjfx\javafx-swing\11-ea+24\javafx-swing-11-ea+24-win.jar;C:\Users\ASUS\.m2\repository\org\openjfx\javafx-fxml\13\javafx-fxml-13.jar;C:\Users\ASUS\.m2\repository\org\openjfx\javafx-fxml\13\javafx-fxml-13-win.jar;C:\Users\ASUS\.m2\repository\org\openjfx\javafx-controls\13\javafx-controls-13.jar;C:\Users\ASUS\.m2\repository\org\openjfx\javafx-controls\13\javafx-controls-13-win.jar;C:\Users\ASUS\.m2\repository\com\google\maps\google-maps-services\1.0.1\google-maps-services-1.0.1.jar;C:\Users\ASUS\.m2\repository\io\opencensus\opencensus-api\0.28.3\opencensus-api-0.28.3.jar;C:\Users\ASUS\.m2\repository\io\grpc\grpc-context\1.27.2\grpc-context-1.27.2.jar;C:\Users\ASUS\.m2\repository\org\slf4j\slf4j-api\1.7.25\slf4j-api-1.7.25.jar;C:\Users\ASUS\.m2\repository\org\slf4j\slf4j-simple\1.7.25\slf4j-simple-1.7.25.jar;C:\Users\ASUS\.m2\repository\com\google\code\gson\gson\2.8.9\gson-2.8.9.jar;C:\Users\ASUS\.m2\repository\com\squareup\okhttp3\okhttp\4.9.2\okhttp-4.9.2.jar;C:\Users\ASUS\.m2\repository\com\squareup\okio\okio\2.8.0\okio-2.8.0.jar;C:\Users\ASUS\.m2\repository\org\jetbrains\kotlin\kotlin-stdlib-common\1.4.10\kotlin-stdlib-common-1.4.10.jar;C:\Users\ASUS\.m2\repository\org\jetbrains\kotlin\kotlin-stdlib\1.4.0\kotlin-stdlib-1.4.0.jar;C:\Users\ASUS\.m2\repository\org\jetbrains\annotations\13.0\annotations-13.0.jar;C:\Users\ASUS\.m2\repository\junit\junit\4.11\junit-4.11.jar;C:\Users\ASUS\.m2\repository\org\hamcrest\hamcrest-core\1.3\hamcrest-core-1.3.jar;C:\Users\ASUS\.m2\repository\mysql\mysql-connector-java\8.0.27\mysql-connector-java-8.0.27.jar;C:\Users\ASUS\.m2\repository\com\google\protobuf\protobuf-java\3.11.4\protobuf-java-3.11.4.jar;"/>
    <property name="sun.cpu.endian" value="little"/>
    <property name="user.home" value="C:\Users\ASUS"/>
    <property name="user.language" value="en"/>
    <property name="java.specification.vendor" value="Oracle Corporation"/>
    <property name="java.version.date" value="2021-04-20"/>
    <property name="java.home" value="C:\Program Files\Java\jdk-16.0.1"/>
    <property name="file.separator" value="\"/>
    <property name="basedir" value="C:\Java\PI\demo"/>
    <property name="java.vm.compressedOopsMode" value="32-bit"/>
    <property name="line.separator" value="&#10;"/>
    <property name="java.vm.specification.vendor" value="Oracle Corporation"/>
    <property name="java.specification.name" value="Java Platform API Specification"/>
    <property name="surefire.real.class.path" value="C:\Users\ASUS\AppData\Local\Temp\surefire10825239509318155864\surefirebooter12729803475389247648.jar"/>
    <property name="user.script" value=""/>
    <property name="sun.management.compiler" value="HotSpot 64-Bit Tiered Compilers"/>
    <property name="java.runtime.version" value="16.0.1+9-24"/>
    <property name="user.name" value="ASUS"/>
    <property name="path.separator" value=";"/>
    <property name="os.version" value="10.0"/>
    <property name="java.runtime.name" value="Java(TM) SE Runtime Environment"/>
    <property name="file.encoding" value="Cp1252"/>
    <property name="java.vm.name" value="Java HotSpot(TM) 64-Bit Server VM"/>
    <property name="localRepository" value="C:\Users\ASUS\.m2\repository"/>
    <property name="java.vendor.url.bug" value="https://bugreport.java.com/bugreport/"/>
    <property name="java.io.tmpdir" value="C:\Users\ASUS\AppData\Local\Temp\"/>
    <property name="java.version" value="16.0.1"/>
    <property name="user.dir" value="C:\Java\PI\demo"/>
    <property name="os.arch" value="amd64"/>
    <property name="java.vm.specification.name" value="Java Virtual Machine Specification"/>
    <property name="sun.os.patch.level" value=""/>
    <property name="java.library.path" value="C:\Program Files\Java\jdk-16.0.1\bin;C:\WINDOWS\Sun\Java\bin;C:\WINDOWS\system32;C:\WINDOWS;C:\Program Files\Common Files\Oracle\Java\javapath;C:\Program Files (x86)\Common Files\Oracle\Java\javapath;C:\Program Files\AdoptOpenJDK\jdk-11.0.11.9-hotspot\bin;C:\MinGW\bin;C:\Windows\system32;C:\Windows;C:\Windows\System32\Wbem;C:\Windows\System32\WindowsPowerShell\v1.0\;C:\Windows\System32\OpenSSH\;C:\Program Files\NVIDIA Corporation\NVIDIA NvDLISR;C:\Program Files (x86)\NVIDIA Corporation\PhysX\Common;C:\WINDOWS\system32;C:\WINDOWS;C:\WINDOWS\System32\Wbem;C:\WINDOWS\System32\WindowsPowerShell\v1.0\;C:\WINDOWS\System32\OpenSSH\;C:\Program Files\Microsoft SQL Server\130\Tools\Binn\;C:\Go\bin;C:\Android;C:\Program Files\Git\cmd;C:\Program Files\PowerShell\7\;C:\Program Files\Apache Software Foundation\apache-maven-3.8.2-bin\apache-maven-3.8.2\bin;C:\Program Files\MySQL\MySQL Shell 8.0\bin\;C:\Program Files\Java\jdk-16.0.1\bin;C:\Users\ASUS\AppData\Local\Programs\Microsoft VS Code\bin;."/>
    <property name="java.vm.info" value="mixed mode, sharing"/>
    <property name="java.vendor" value="Oracle Corporation"/>
    <property name="java.vm.version" value="16.0.1+9-24"/>
    <property name="sun.io.unicode.encoding" value="UnicodeLittle"/>
    <property name="java.class.version" value="60.0"/>
  </properties>
  <testcase name="shouldAnswerWithTrue" classname="com.example.AppTest" time="0.003"/>
</testsuite>